{"D:\\stale\\ui\\src\\api\\client.ts": {"path":"D:\\stale\\ui\\src\\api\\client.ts","statementMap":{"0":{"start":{"line":3,"column":17},"end":{"line":3,"column":null}},"1":{"start":{"line":6,"column":19},"end":{"line":12,"column":null}},"2":{"start":{"line":14,"column":2},"end":{"line":17,"column":null}},"3":{"start":{"line":15,"column":17},"end":{"line":15,"column":null}},"4":{"start":{"line":16,"column":4},"end":{"line":16,"column":null}},"5":{"start":{"line":19,"column":2},"end":{"line":21,"column":null}},"6":{"start":{"line":20,"column":4},"end":{"line":20,"column":null}},"7":{"start":{"line":23,"column":2},"end":{"line":23,"column":null}},"8":{"start":{"line":26,"column":19},"end":{"line":122,"column":null}},"9":{"start":{"line":28,"column":16},"end":{"line":28,"column":null}},"10":{"start":{"line":31,"column":20},"end":{"line":31,"column":null}},"11":{"start":{"line":32,"column":29},"end":{"line":32,"column":null}},"12":{"start":{"line":34,"column":4},"end":{"line":34,"column":null}},"13":{"start":{"line":36,"column":4},"end":{"line":36,"column":null}},"14":{"start":{"line":38,"column":4},"end":{"line":38,"column":null}},"15":{"start":{"line":42,"column":19},"end":{"line":42,"column":null}},"16":{"start":{"line":43,"column":4},"end":{"line":43,"column":null}},"17":{"start":{"line":45,"column":33},"end":{"line":45,"column":null}},"18":{"start":{"line":47,"column":4},"end":{"line":47,"column":null}},"19":{"start":{"line":49,"column":4},"end":{"line":49,"column":null}},"20":{"start":{"line":51,"column":4},"end":{"line":54,"column":null}},"21":{"start":{"line":58,"column":19},"end":{"line":58,"column":null}},"22":{"start":{"line":59,"column":4},"end":{"line":59,"column":null}},"23":{"start":{"line":61,"column":28},"end":{"line":61,"column":null}},"24":{"start":{"line":62,"column":25},"end":{"line":62,"column":null}},"25":{"start":{"line":64,"column":19},"end":{"line":64,"column":null}},"26":{"start":{"line":65,"column":4},"end":{"line":65,"column":null}},"27":{"start":{"line":65,"column":14},"end":{"line":65,"column":null}},"28":{"start":{"line":66,"column":4},"end":{"line":66,"column":null}},"29":{"start":{"line":66,"column":19},"end":{"line":66,"column":null}},"30":{"start":{"line":67,"column":4},"end":{"line":67,"column":null}},"31":{"start":{"line":67,"column":36},"end":{"line":67,"column":null}},"32":{"start":{"line":68,"column":4},"end":{"line":68,"column":null}},"33":{"start":{"line":68,"column":13},"end":{"line":68,"column":null}},"34":{"start":{"line":69,"column":18},"end":{"line":69,"column":null}},"35":{"start":{"line":70,"column":4},"end":{"line":70,"column":null}},"36":{"start":{"line":73,"column":19},"end":{"line":73,"column":null}},"37":{"start":{"line":74,"column":4},"end":{"line":74,"column":null}},"38":{"start":{"line":75,"column":4},"end":{"line":75,"column":null}},"39":{"start":{"line":76,"column":4},"end":{"line":76,"column":null}},"40":{"start":{"line":76,"column":36},"end":{"line":76,"column":null}},"41":{"start":{"line":77,"column":4},"end":{"line":77,"column":null}},"42":{"start":{"line":77,"column":14},"end":{"line":77,"column":null}},"43":{"start":{"line":78,"column":4},"end":{"line":78,"column":null}},"44":{"start":{"line":78,"column":19},"end":{"line":78,"column":null}},"45":{"start":{"line":79,"column":4},"end":{"line":79,"column":null}},"46":{"start":{"line":79,"column":16},"end":{"line":79,"column":null}},"47":{"start":{"line":80,"column":4},"end":{"line":80,"column":null}},"48":{"start":{"line":82,"column":35},"end":{"line":82,"column":null}},"49":{"start":{"line":83,"column":28},"end":{"line":83,"column":null}},"50":{"start":{"line":87,"column":4},"end":{"line":90,"column":null}},"51":{"start":{"line":91,"column":18},"end":{"line":91,"column":null}},"52":{"start":{"line":92,"column":27},"end":{"line":92,"column":null}},"53":{"start":{"line":94,"column":21},"end":{"line":96,"column":null}},"54":{"start":{"line":97,"column":4},"end":{"line":97,"column":null}},"55":{"start":{"line":97,"column":22},"end":{"line":97,"column":null}},"56":{"start":{"line":98,"column":17},"end":{"line":98,"column":null}},"57":{"start":{"line":99,"column":4},"end":{"line":99,"column":null}},"58":{"start":{"line":99,"column":34},"end":{"line":99,"column":null}},"59":{"start":{"line":100,"column":4},"end":{"line":100,"column":null}},"60":{"start":{"line":103,"column":4},"end":{"line":103,"column":null}},"61":{"start":{"line":106,"column":21},"end":{"line":106,"column":null}},"62":{"start":{"line":108,"column":4},"end":{"line":108,"column":null}},"63":{"start":{"line":109,"column":19},"end":{"line":109,"column":null}},"64":{"start":{"line":110,"column":21},"end":{"line":110,"column":null}},"65":{"start":{"line":113,"column":20},"end":{"line":113,"column":null}},"66":{"start":{"line":115,"column":4},"end":{"line":115,"column":null}},"67":{"start":{"line":117,"column":4},"end":{"line":117,"column":null}},"68":{"start":{"line":119,"column":4},"end":{"line":119,"column":null}},"69":{"start":{"line":121,"column":4},"end":{"line":121,"column":null}}},"fnMap":{"0":{"name":"request","decl":{"start":{"line":5,"column":15},"end":{"line":5,"column":26}},"loc":{"start":{"line":5,"column":79},"end":{"line":24,"column":null}},"line":5},"1":{"name":"(anonymous_1)","decl":{"start":{"line":28,"column":10},"end":{"line":28,"column":16}},"loc":{"start":{"line":28,"column":16},"end":{"line":28,"column":null}},"line":28},"2":{"name":"(anonymous_2)","decl":{"start":{"line":31,"column":14},"end":{"line":31,"column":20}},"loc":{"start":{"line":31,"column":20},"end":{"line":31,"column":null}},"line":31},"3":{"name":"(anonymous_3)","decl":{"start":{"line":32,"column":13},"end":{"line":32,"column":14}},"loc":{"start":{"line":32,"column":29},"end":{"line":32,"column":null}},"line":32},"4":{"name":"(anonymous_4)","decl":{"start":{"line":33,"column":16},"end":{"line":33,"column":17}},"loc":{"start":{"line":34,"column":4},"end":{"line":34,"column":null}},"line":34},"5":{"name":"(anonymous_5)","decl":{"start":{"line":35,"column":16},"end":{"line":35,"column":17}},"loc":{"start":{"line":36,"column":4},"end":{"line":36,"column":null}},"line":36},"6":{"name":"(anonymous_6)","decl":{"start":{"line":37,"column":16},"end":{"line":37,"column":17}},"loc":{"start":{"line":38,"column":4},"end":{"line":38,"column":null}},"line":38},"7":{"name":"(anonymous_7)","decl":{"start":{"line":41,"column":19},"end":{"line":41,"column":20}},"loc":{"start":{"line":41,"column":42},"end":{"line":44,"column":null}},"line":41},"8":{"name":"(anonymous_8)","decl":{"start":{"line":45,"column":17},"end":{"line":45,"column":18}},"loc":{"start":{"line":45,"column":33},"end":{"line":45,"column":null}},"line":45},"9":{"name":"(anonymous_9)","decl":{"start":{"line":46,"column":29},"end":{"line":46,"column":30}},"loc":{"start":{"line":47,"column":4},"end":{"line":47,"column":null}},"line":47},"10":{"name":"(anonymous_10)","decl":{"start":{"line":48,"column":20},"end":{"line":48,"column":21}},"loc":{"start":{"line":49,"column":4},"end":{"line":49,"column":null}},"line":49},"11":{"name":"(anonymous_11)","decl":{"start":{"line":50,"column":26},"end":{"line":50,"column":27}},"loc":{"start":{"line":51,"column":4},"end":{"line":54,"column":null}},"line":51},"12":{"name":"(anonymous_12)","decl":{"start":{"line":57,"column":19},"end":{"line":57,"column":20}},"loc":{"start":{"line":57,"column":49},"end":{"line":60,"column":null}},"line":57},"13":{"name":"(anonymous_13)","decl":{"start":{"line":61,"column":22},"end":{"line":61,"column":28}},"loc":{"start":{"line":61,"column":28},"end":{"line":61,"column":null}},"line":61},"14":{"name":"(anonymous_14)","decl":{"start":{"line":62,"column":19},"end":{"line":62,"column":25}},"loc":{"start":{"line":62,"column":25},"end":{"line":62,"column":null}},"line":62},"15":{"name":"(anonymous_15)","decl":{"start":{"line":63,"column":20},"end":{"line":63,"column":21}},"loc":{"start":{"line":63,"column":90},"end":{"line":71,"column":null}},"line":63},"16":{"name":"(anonymous_16)","decl":{"start":{"line":72,"column":28},"end":{"line":72,"column":29}},"loc":{"start":{"line":72,"column":139},"end":{"line":81,"column":null}},"line":72},"17":{"name":"(anonymous_17)","decl":{"start":{"line":82,"column":29},"end":{"line":82,"column":35}},"loc":{"start":{"line":82,"column":35},"end":{"line":82,"column":null}},"line":82},"18":{"name":"(anonymous_18)","decl":{"start":{"line":83,"column":22},"end":{"line":83,"column":28}},"loc":{"start":{"line":83,"column":28},"end":{"line":83,"column":null}},"line":83},"19":{"name":"(anonymous_19)","decl":{"start":{"line":86,"column":15},"end":{"line":86,"column":16}},"loc":{"start":{"line":87,"column":4},"end":{"line":90,"column":null}},"line":87},"20":{"name":"(anonymous_20)","decl":{"start":{"line":91,"column":12},"end":{"line":91,"column":18}},"loc":{"start":{"line":91,"column":18},"end":{"line":91,"column":null}},"line":91},"21":{"name":"(anonymous_21)","decl":{"start":{"line":92,"column":11},"end":{"line":92,"column":12}},"loc":{"start":{"line":92,"column":27},"end":{"line":92,"column":null}},"line":92},"22":{"name":"(anonymous_22)","decl":{"start":{"line":93,"column":18},"end":{"line":93,"column":55}},"loc":{"start":{"line":93,"column":55},"end":{"line":101,"column":null}},"line":93},"23":{"name":"(anonymous_23)","decl":{"start":{"line":102,"column":14},"end":{"line":102,"column":15}},"loc":{"start":{"line":103,"column":4},"end":{"line":103,"column":null}},"line":103},"24":{"name":"(anonymous_24)","decl":{"start":{"line":106,"column":15},"end":{"line":106,"column":21}},"loc":{"start":{"line":106,"column":21},"end":{"line":106,"column":null}},"line":106},"25":{"name":"(anonymous_25)","decl":{"start":{"line":107,"column":18},"end":{"line":107,"column":19}},"loc":{"start":{"line":108,"column":4},"end":{"line":108,"column":null}},"line":108},"26":{"name":"(anonymous_26)","decl":{"start":{"line":109,"column":13},"end":{"line":109,"column":19}},"loc":{"start":{"line":109,"column":19},"end":{"line":109,"column":null}},"line":109},"27":{"name":"(anonymous_27)","decl":{"start":{"line":110,"column":15},"end":{"line":110,"column":21}},"loc":{"start":{"line":110,"column":21},"end":{"line":110,"column":null}},"line":110},"28":{"name":"(anonymous_28)","decl":{"start":{"line":113,"column":14},"end":{"line":113,"column":20}},"loc":{"start":{"line":113,"column":20},"end":{"line":113,"column":null}},"line":113},"29":{"name":"(anonymous_29)","decl":{"start":{"line":114,"column":14},"end":{"line":114,"column":15}},"loc":{"start":{"line":115,"column":4},"end":{"line":115,"column":null}},"line":115},"30":{"name":"(anonymous_30)","decl":{"start":{"line":116,"column":18},"end":{"line":116,"column":19}},"loc":{"start":{"line":117,"column":4},"end":{"line":117,"column":null}},"line":117},"31":{"name":"(anonymous_31)","decl":{"start":{"line":118,"column":17},"end":{"line":118,"column":18}},"loc":{"start":{"line":119,"column":4},"end":{"line":119,"column":null}},"line":119},"32":{"name":"(anonymous_32)","decl":{"start":{"line":120,"column":21},"end":{"line":120,"column":22}},"loc":{"start":{"line":121,"column":4},"end":{"line":121,"column":null}},"line":121}},"branchMap":{"0":{"loc":{"start":{"line":14,"column":2},"end":{"line":17,"column":null}},"type":"if","locations":[{"start":{"line":14,"column":2},"end":{"line":17,"column":null}},{"start":{},"end":{}}],"line":14},"1":{"loc":{"start":{"line":16,"column":20},"end":{"line":16,"column":63}},"type":"binary-expr","locations":[{"start":{"line":16,"column":20},"end":{"line":16,"column":28}},{"start":{"line":16,"column":28},"end":{"line":16,"column":63}}],"line":16},"2":{"loc":{"start":{"line":19,"column":2},"end":{"line":21,"column":null}},"type":"if","locations":[{"start":{"line":19,"column":2},"end":{"line":21,"column":null}},{"start":{},"end":{}}],"line":19},"3":{"loc":{"start":{"line":42,"column":19},"end":{"line":42,"column":null}},"type":"cond-expr","locations":[{"start":{"line":42,"column":30},"end":{"line":42,"column":57}},{"start":{"line":42,"column":57},"end":{"line":42,"column":null}}],"line":42},"4":{"loc":{"start":{"line":58,"column":19},"end":{"line":58,"column":null}},"type":"cond-expr","locations":[{"start":{"line":58,"column":36},"end":{"line":58,"column":55}},{"start":{"line":58,"column":55},"end":{"line":58,"column":null}}],"line":58},"5":{"loc":{"start":{"line":65,"column":4},"end":{"line":65,"column":null}},"type":"if","locations":[{"start":{"line":65,"column":4},"end":{"line":65,"column":null}},{"start":{},"end":{}}],"line":65},"6":{"loc":{"start":{"line":66,"column":4},"end":{"line":66,"column":null}},"type":"if","locations":[{"start":{"line":66,"column":4},"end":{"line":66,"column":null}},{"start":{},"end":{}}],"line":66},"7":{"loc":{"start":{"line":67,"column":4},"end":{"line":67,"column":null}},"type":"if","locations":[{"start":{"line":67,"column":4},"end":{"line":67,"column":null}},{"start":{},"end":{}}],"line":67},"8":{"loc":{"start":{"line":67,"column":8},"end":{"line":67,"column":36}},"type":"binary-expr","locations":[{"start":{"line":67,"column":8},"end":{"line":67,"column":18}},{"start":{"line":67,"column":18},"end":{"line":67,"column":36}}],"line":67},"9":{"loc":{"start":{"line":68,"column":4},"end":{"line":68,"column":null}},"type":"if","locations":[{"start":{"line":68,"column":4},"end":{"line":68,"column":null}},{"start":{},"end":{}}],"line":68},"10":{"loc":{"start":{"line":70,"column":65},"end":{"line":70,"column":89}},"type":"cond-expr","locations":[{"start":{"line":70,"column":73},"end":{"line":70,"column":87}},{"start":{"line":70,"column":87},"end":{"line":70,"column":89}}],"line":70},"11":{"loc":{"start":{"line":72,"column":29},"end":{"line":72,"column":47}},"type":"default-arg","locations":[{"start":{"line":72,"column":44},"end":{"line":72,"column":47}}],"line":72},"12":{"loc":{"start":{"line":72,"column":47},"end":{"line":72,"column":67}},"type":"default-arg","locations":[{"start":{"line":72,"column":63},"end":{"line":72,"column":67}}],"line":72},"13":{"loc":{"start":{"line":76,"column":4},"end":{"line":76,"column":null}},"type":"if","locations":[{"start":{"line":76,"column":4},"end":{"line":76,"column":null}},{"start":{},"end":{}}],"line":76},"14":{"loc":{"start":{"line":76,"column":8},"end":{"line":76,"column":36}},"type":"binary-expr","locations":[{"start":{"line":76,"column":8},"end":{"line":76,"column":18}},{"start":{"line":76,"column":18},"end":{"line":76,"column":36}}],"line":76},"15":{"loc":{"start":{"line":77,"column":4},"end":{"line":77,"column":null}},"type":"if","locations":[{"start":{"line":77,"column":4},"end":{"line":77,"column":null}},{"start":{},"end":{}}],"line":77},"16":{"loc":{"start":{"line":78,"column":4},"end":{"line":78,"column":null}},"type":"if","locations":[{"start":{"line":78,"column":4},"end":{"line":78,"column":null}},{"start":{},"end":{}}],"line":78},"17":{"loc":{"start":{"line":79,"column":4},"end":{"line":79,"column":null}},"type":"if","locations":[{"start":{"line":79,"column":4},"end":{"line":79,"column":null}},{"start":{},"end":{}}],"line":79},"18":{"loc":{"start":{"line":89,"column":27},"end":{"line":89,"column":66}},"type":"cond-expr","locations":[{"start":{"line":89,"column":38},"end":{"line":89,"column":64}},{"start":{"line":89,"column":64},"end":{"line":89,"column":66}}],"line":89},"19":{"loc":{"start":{"line":97,"column":4},"end":{"line":97,"column":null}},"type":"if","locations":[{"start":{"line":97,"column":4},"end":{"line":97,"column":null}},{"start":{},"end":{}}],"line":97},"20":{"loc":{"start":{"line":99,"column":4},"end":{"line":99,"column":null}},"type":"if","locations":[{"start":{"line":99,"column":4},"end":{"line":99,"column":null}},{"start":{},"end":{}}],"line":99},"21":{"loc":{"start":{"line":99,"column":8},"end":{"line":99,"column":34}},"type":"binary-expr","locations":[{"start":{"line":99,"column":8},"end":{"line":99,"column":27}},{"start":{"line":99,"column":27},"end":{"line":99,"column":34}}],"line":99}},"s":{"0":1,"1":17,"2":17,"3":2,"4":2,"5":15,"6":1,"7":14,"8":1,"9":1,"10":3,"11":1,"12":1,"13":0,"14":1,"15":2,"16":2,"17":0,"18":0,"19":0,"20":1,"21":0,"22":0,"23":0,"24":0,"25":1,"26":1,"27":1,"28":1,"29":1,"30":1,"31":1,"32":1,"33":1,"34":1,"35":1,"36":2,"37":2,"38":2,"39":2,"40":1,"41":2,"42":1,"43":2,"44":1,"45":2,"46":1,"47":2,"48":0,"49":0,"50":2,"51":0,"52":0,"53":3,"54":3,"55":1,"56":2,"57":2,"58":1,"59":1,"60":0,"61":0,"62":0,"63":0,"64":0,"65":1,"66":1,"67":0,"68":0,"69":0},"f":{"0":17,"1":1,"2":3,"3":1,"4":1,"5":0,"6":1,"7":2,"8":0,"9":0,"10":0,"11":1,"12":0,"13":0,"14":0,"15":1,"16":2,"17":0,"18":0,"19":2,"20":0,"21":0,"22":3,"23":0,"24":0,"25":0,"26":0,"27":0,"28":1,"29":1,"30":0,"31":0,"32":0},"b":{"0":[2,15],"1":[2,1],"2":[1,14],"3":[1,1],"4":[0,0],"5":[1,0],"6":[1,0],"7":[1,0],"8":[1,1],"9":[1,0],"10":[1,0],"11":[2],"12":[2],"13":[1,1],"14":[2,2],"15":[1,1],"16":[1,1],"17":[1,1],"18":[1,1],"19":[1,2],"20":[1,1],"21":[2,1]},"meta":{"lastBranch":22,"lastFunction":33,"lastStatement":70,"seen":{"s:3:17:3:Infinity":0,"f:5:15:5:26":0,"s:6:19:12:Infinity":1,"b:14:2:17:Infinity:undefined:undefined:undefined:undefined":0,"s:14:2:17:Infinity":2,"s:15:17:15:Infinity":3,"s:16:4:16:Infinity":4,"b:16:20:16:28:16:28:16:63":1,"b:19:2:21:Infinity:undefined:undefined:undefined:undefined":2,"s:19:2:21:Infinity":5,"s:20:4:20:Infinity":6,"s:23:2:23:Infinity":7,"s:26:19:122:Infinity":8,"f:28:10:28:16":1,"s:28:16:28:Infinity":9,"f:31:14:31:20":2,"s:31:20:31:Infinity":10,"f:32:13:32:14":3,"s:32:29:32:Infinity":11,"f:33:16:33:17":4,"s:34:4:34:Infinity":12,"f:35:16:35:17":5,"s:36:4:36:Infinity":13,"f:37:16:37:17":6,"s:38:4:38:Infinity":14,"f:41:19:41:20":7,"s:42:19:42:Infinity":15,"b:42:30:42:57:42:57:42:Infinity":3,"s:43:4:43:Infinity":16,"f:45:17:45:18":8,"s:45:33:45:Infinity":17,"f:46:29:46:30":9,"s:47:4:47:Infinity":18,"f:48:20:48:21":10,"s:49:4:49:Infinity":19,"f:50:26:50:27":11,"s:51:4:54:Infinity":20,"f:57:19:57:20":12,"s:58:19:58:Infinity":21,"b:58:36:58:55:58:55:58:Infinity":4,"s:59:4:59:Infinity":22,"f:61:22:61:28":13,"s:61:28:61:Infinity":23,"f:62:19:62:25":14,"s:62:25:62:Infinity":24,"f:63:20:63:21":15,"s:64:19:64:Infinity":25,"b:65:4:65:Infinity:undefined:undefined:undefined:undefined":5,"s:65:4:65:Infinity":26,"s:65:14:65:Infinity":27,"b:66:4:66:Infinity:undefined:undefined:undefined:undefined":6,"s:66:4:66:Infinity":28,"s:66:19:66:Infinity":29,"b:67:4:67:Infinity:undefined:undefined:undefined:undefined":7,"s:67:4:67:Infinity":30,"b:67:8:67:18:67:18:67:36":8,"s:67:36:67:Infinity":31,"b:68:4:68:Infinity:undefined:undefined:undefined:undefined":9,"s:68:4:68:Infinity":32,"s:68:13:68:Infinity":33,"s:69:18:69:Infinity":34,"s:70:4:70:Infinity":35,"b:70:73:70:87:70:87:70:89":10,"f:72:28:72:29":16,"b:72:44:72:47":11,"b:72:63:72:67":12,"s:73:19:73:Infinity":36,"s:74:4:74:Infinity":37,"s:75:4:75:Infinity":38,"b:76:4:76:Infinity:undefined:undefined:undefined:undefined":13,"s:76:4:76:Infinity":39,"b:76:8:76:18:76:18:76:36":14,"s:76:36:76:Infinity":40,"b:77:4:77:Infinity:undefined:undefined:undefined:undefined":15,"s:77:4:77:Infinity":41,"s:77:14:77:Infinity":42,"b:78:4:78:Infinity:undefined:undefined:undefined:undefined":16,"s:78:4:78:Infinity":43,"s:78:19:78:Infinity":44,"b:79:4:79:Infinity:undefined:undefined:undefined:undefined":17,"s:79:4:79:Infinity":45,"s:79:16:79:Infinity":46,"s:80:4:80:Infinity":47,"f:82:29:82:35":17,"s:82:35:82:Infinity":48,"f:83:22:83:28":18,"s:83:28:83:Infinity":49,"f:86:15:86:16":19,"s:87:4:90:Infinity":50,"b:89:38:89:64:89:64:89:66":18,"f:91:12:91:18":20,"s:91:18:91:Infinity":51,"f:92:11:92:12":21,"s:92:27:92:Infinity":52,"f:93:18:93:55":22,"s:94:21:96:Infinity":53,"b:97:4:97:Infinity:undefined:undefined:undefined:undefined":19,"s:97:4:97:Infinity":54,"s:97:22:97:Infinity":55,"s:98:17:98:Infinity":56,"b:99:4:99:Infinity:undefined:undefined:undefined:undefined":20,"s:99:4:99:Infinity":57,"b:99:8:99:27:99:27:99:34":21,"s:99:34:99:Infinity":58,"s:100:4:100:Infinity":59,"f:102:14:102:15":23,"s:103:4:103:Infinity":60,"f:106:15:106:21":24,"s:106:21:106:Infinity":61,"f:107:18:107:19":25,"s:108:4:108:Infinity":62,"f:109:13:109:19":26,"s:109:19:109:Infinity":63,"f:110:15:110:21":27,"s:110:21:110:Infinity":64,"f:113:14:113:20":28,"s:113:20:113:Infinity":65,"f:114:14:114:15":29,"s:115:4:115:Infinity":66,"f:116:18:116:19":30,"s:117:4:117:Infinity":67,"f:118:17:118:18":31,"s:119:4:119:Infinity":68,"f:120:21:120:22":32,"s:121:4:121:Infinity":69}}}
,"D:\\stale\\ui\\src\\components\\common\\Button.tsx": {"path":"D:\\stale\\ui\\src\\components\\common\\Button.tsx","statementMap":{"0":{"start":{"line":10,"column":33},"end":{"line":22,"column":null}},"1":{"start":{"line":24,"column":76},"end":{"line":45,"column":null}},"2":{"start":{"line":47,"column":70},"end":{"line":51,"column":null}},"3":{"start":{"line":64,"column":21},"end":{"line":64,"column":null}},"4":{"start":{"line":66,"column":27},"end":{"line":84,"column":null}},"5":{"start":{"line":67,"column":4},"end":{"line":82,"column":null}},"6":{"start":{"line":68,"column":6},"end":{"line":81,"column":null}},"7":{"start":{"line":69,"column":8},"end":{"line":69,"column":null}},"8":{"start":{"line":70,"column":8},"end":{"line":70,"column":null}},"9":{"start":{"line":71,"column":6},"end":{"line":81,"column":null}},"10":{"start":{"line":72,"column":8},"end":{"line":72,"column":null}},"11":{"start":{"line":73,"column":8},"end":{"line":73,"column":null}},"12":{"start":{"line":74,"column":8},"end":{"line":74,"column":null}},"13":{"start":{"line":75,"column":6},"end":{"line":81,"column":null}},"14":{"start":{"line":76,"column":8},"end":{"line":76,"column":null}},"15":{"start":{"line":77,"column":8},"end":{"line":77,"column":null}},"16":{"start":{"line":78,"column":6},"end":{"line":81,"column":null}},"17":{"start":{"line":79,"column":8},"end":{"line":79,"column":null}},"18":{"start":{"line":80,"column":8},"end":{"line":80,"column":null}},"19":{"start":{"line":83,"column":4},"end":{"line":83,"column":null}},"20":{"start":{"line":86,"column":27},"end":{"line":104,"column":null}},"21":{"start":{"line":87,"column":4},"end":{"line":102,"column":null}},"22":{"start":{"line":88,"column":6},"end":{"line":101,"column":null}},"23":{"start":{"line":89,"column":8},"end":{"line":89,"column":null}},"24":{"start":{"line":90,"column":8},"end":{"line":90,"column":null}},"25":{"start":{"line":91,"column":6},"end":{"line":101,"column":null}},"26":{"start":{"line":92,"column":8},"end":{"line":92,"column":null}},"27":{"start":{"line":93,"column":8},"end":{"line":93,"column":null}},"28":{"start":{"line":94,"column":8},"end":{"line":94,"column":null}},"29":{"start":{"line":95,"column":6},"end":{"line":101,"column":null}},"30":{"start":{"line":96,"column":8},"end":{"line":96,"column":null}},"31":{"start":{"line":97,"column":8},"end":{"line":97,"column":null}},"32":{"start":{"line":98,"column":6},"end":{"line":101,"column":null}},"33":{"start":{"line":99,"column":8},"end":{"line":99,"column":null}},"34":{"start":{"line":100,"column":8},"end":{"line":100,"column":null}},"35":{"start":{"line":103,"column":4},"end":{"line":103,"column":null}},"36":{"start":{"line":106,"column":2},"end":{"line":125,"column":null}},"37":{"start":{"line":130,"column":2},"end":{"line":154,"column":null}}},"fnMap":{"0":{"name":"Button","decl":{"start":{"line":53,"column":16},"end":{"line":53,"column":23}},"loc":{"start":{"line":63,"column":10},"end":{"line":127,"column":null}},"line":63},"1":{"name":"(anonymous_1)","decl":{"start":{"line":66,"column":27},"end":{"line":66,"column":28}},"loc":{"start":{"line":66,"column":71},"end":{"line":84,"column":null}},"line":66},"2":{"name":"(anonymous_2)","decl":{"start":{"line":86,"column":27},"end":{"line":86,"column":28}},"loc":{"start":{"line":86,"column":71},"end":{"line":104,"column":null}},"line":86},"3":{"name":"Spinner","decl":{"start":{"line":129,"column":9},"end":{"line":129,"column":19}},"loc":{"start":{"line":129,"column":19},"end":{"line":156,"column":null}},"line":129}},"branchMap":{"0":{"loc":{"start":{"line":55,"column":2},"end":{"line":55,"column":null}},"type":"default-arg","locations":[{"start":{"line":55,"column":12},"end":{"line":55,"column":null}}],"line":55},"1":{"loc":{"start":{"line":56,"column":2},"end":{"line":56,"column":null}},"type":"default-arg","locations":[{"start":{"line":56,"column":9},"end":{"line":56,"column":null}}],"line":56},"2":{"loc":{"start":{"line":57,"column":2},"end":{"line":57,"column":null}},"type":"default-arg","locations":[{"start":{"line":57,"column":12},"end":{"line":57,"column":null}}],"line":57},"3":{"loc":{"start":{"line":64,"column":21},"end":{"line":64,"column":null}},"type":"binary-expr","locations":[{"start":{"line":64,"column":21},"end":{"line":64,"column":33}},{"start":{"line":64,"column":33},"end":{"line":64,"column":null}}],"line":64},"4":{"loc":{"start":{"line":67,"column":4},"end":{"line":82,"column":null}},"type":"if","locations":[{"start":{"line":67,"column":4},"end":{"line":82,"column":null}},{"start":{},"end":{}}],"line":67},"5":{"loc":{"start":{"line":68,"column":6},"end":{"line":81,"column":null}},"type":"if","locations":[{"start":{"line":68,"column":6},"end":{"line":81,"column":null}},{"start":{"line":71,"column":6},"end":{"line":81,"column":null}}],"line":68},"6":{"loc":{"start":{"line":71,"column":6},"end":{"line":81,"column":null}},"type":"if","locations":[{"start":{"line":71,"column":6},"end":{"line":81,"column":null}},{"start":{"line":75,"column":6},"end":{"line":81,"column":null}}],"line":71},"7":{"loc":{"start":{"line":75,"column":6},"end":{"line":81,"column":null}},"type":"if","locations":[{"start":{"line":75,"column":6},"end":{"line":81,"column":null}},{"start":{"line":78,"column":6},"end":{"line":81,"column":null}}],"line":75},"8":{"loc":{"start":{"line":78,"column":6},"end":{"line":81,"column":null}},"type":"if","locations":[{"start":{"line":78,"column":6},"end":{"line":81,"column":null}},{"start":{},"end":{}}],"line":78},"9":{"loc":{"start":{"line":87,"column":4},"end":{"line":102,"column":null}},"type":"if","locations":[{"start":{"line":87,"column":4},"end":{"line":102,"column":null}},{"start":{},"end":{}}],"line":87},"10":{"loc":{"start":{"line":88,"column":6},"end":{"line":101,"column":null}},"type":"if","locations":[{"start":{"line":88,"column":6},"end":{"line":101,"column":null}},{"start":{"line":91,"column":6},"end":{"line":101,"column":null}}],"line":88},"11":{"loc":{"start":{"line":91,"column":6},"end":{"line":101,"column":null}},"type":"if","locations":[{"start":{"line":91,"column":6},"end":{"line":101,"column":null}},{"start":{"line":95,"column":6},"end":{"line":101,"column":null}}],"line":91},"12":{"loc":{"start":{"line":95,"column":6},"end":{"line":101,"column":null}},"type":"if","locations":[{"start":{"line":95,"column":6},"end":{"line":101,"column":null}},{"start":{"line":98,"column":6},"end":{"line":101,"column":null}}],"line":95},"13":{"loc":{"start":{"line":98,"column":6},"end":{"line":101,"column":null}},"type":"if","locations":[{"start":{"line":98,"column":6},"end":{"line":101,"column":null}},{"start":{},"end":{}}],"line":98},"14":{"loc":{"start":{"line":112,"column":17},"end":{"line":112,"column":null}},"type":"cond-expr","locations":[{"start":{"line":112,"column":30},"end":{"line":112,"column":36}},{"start":{"line":112,"column":36},"end":{"line":112,"column":null}}],"line":112},"15":{"loc":{"start":{"line":113,"column":16},"end":{"line":113,"column":null}},"type":"cond-expr","locations":[{"start":{"line":113,"column":29},"end":{"line":113,"column":45}},{"start":{"line":113,"column":45},"end":{"line":113,"column":null}}],"line":113},"16":{"loc":{"start":{"line":123,"column":7},"end":{"line":123,"column":null}},"type":"binary-expr","locations":[{"start":{"line":123,"column":7},"end":{"line":123,"column":18}},{"start":{"line":123,"column":18},"end":{"line":123,"column":null}}],"line":123}},"s":{"0":1,"1":1,"2":1,"3":15,"4":15,"5":1,"6":1,"7":1,"8":1,"9":0,"10":0,"11":0,"12":0,"13":0,"14":0,"15":0,"16":0,"17":0,"18":0,"19":1,"20":15,"21":1,"22":1,"23":1,"24":1,"25":0,"26":0,"27":0,"28":0,"29":0,"30":0,"31":0,"32":0,"33":0,"34":0,"35":1,"36":15,"37":2},"f":{"0":15,"1":1,"2":1,"3":2},"b":{"0":[15],"1":[15],"2":[15],"3":[15,14],"4":[1,0],"5":[1,0],"6":[0,0],"7":[0,0],"8":[0,0],"9":[1,0],"10":[1,0],"11":[0,0],"12":[0,0],"13":[0,0],"14":[3,12],"15":[3,12],"16":[15,2]},"meta":{"lastBranch":17,"lastFunction":4,"lastStatement":38,"seen":{"s:10:33:22:Infinity":0,"s:24:76:45:Infinity":1,"s:47:70:51:Infinity":2,"f:53:16:53:23":0,"b:55:12:55:Infinity":0,"b:56:9:56:Infinity":1,"b:57:12:57:Infinity":2,"s:64:21:64:Infinity":3,"b:64:21:64:33:64:33:64:Infinity":3,"s:66:27:84:Infinity":4,"f:66:27:66:28":1,"b:67:4:82:Infinity:undefined:undefined:undefined:undefined":4,"s:67:4:82:Infinity":5,"b:68:6:81:Infinity:71:6:81:Infinity":5,"s:68:6:81:Infinity":6,"s:69:8:69:Infinity":7,"s:70:8:70:Infinity":8,"b:71:6:81:Infinity:75:6:81:Infinity":6,"s:71:6:81:Infinity":9,"s:72:8:72:Infinity":10,"s:73:8:73:Infinity":11,"s:74:8:74:Infinity":12,"b:75:6:81:Infinity:78:6:81:Infinity":7,"s:75:6:81:Infinity":13,"s:76:8:76:Infinity":14,"s:77:8:77:Infinity":15,"b:78:6:81:Infinity:undefined:undefined:undefined:undefined":8,"s:78:6:81:Infinity":16,"s:79:8:79:Infinity":17,"s:80:8:80:Infinity":18,"s:83:4:83:Infinity":19,"s:86:27:104:Infinity":20,"f:86:27:86:28":2,"b:87:4:102:Infinity:undefined:undefined:undefined:undefined":9,"s:87:4:102:Infinity":21,"b:88:6:101:Infinity:91:6:101:Infinity":10,"s:88:6:101:Infinity":22,"s:89:8:89:Infinity":23,"s:90:8:90:Infinity":24,"b:91:6:101:Infinity:95:6:101:Infinity":11,"s:91:6:101:Infinity":25,"s:92:8:92:Infinity":26,"s:93:8:93:Infinity":27,"s:94:8:94:Infinity":28,"b:95:6:101:Infinity:98:6:101:Infinity":12,"s:95:6:101:Infinity":29,"s:96:8:96:Infinity":30,"s:97:8:97:Infinity":31,"b:98:6:101:Infinity:undefined:undefined:undefined:undefined":13,"s:98:6:101:Infinity":32,"s:99:8:99:Infinity":33,"s:100:8:100:Infinity":34,"s:103:4:103:Infinity":35,"s:106:2:125:Infinity":36,"b:112:30:112:36:112:36:112:Infinity":14,"b:113:29:113:45:113:45:113:Infinity":15,"b:123:7:123:18:123:18:123:Infinity":16,"f:129:9:129:19":3,"s:130:2:154:Infinity":37}}}
,"D:\\stale\\ui\\src\\components\\common\\Card.tsx": {"path":"D:\\stale\\ui\\src\\components\\common\\Card.tsx","statementMap":{"0":{"start":{"line":11,"column":2},"end":{"line":25,"column":null}},"1":{"start":{"line":30,"column":2},"end":{"line":40,"column":null}},"2":{"start":{"line":45,"column":2},"end":{"line":48,"column":null}}},"fnMap":{"0":{"name":"Card","decl":{"start":{"line":10,"column":16},"end":{"line":10,"column":21}},"loc":{"start":{"line":10,"column":71},"end":{"line":27,"column":null}},"line":10},"1":{"name":"CardHeader","decl":{"start":{"line":29,"column":16},"end":{"line":29,"column":27}},"loc":{"start":{"line":29,"column":96},"end":{"line":42,"column":null}},"line":29},"2":{"name":"CardBody","decl":{"start":{"line":44,"column":16},"end":{"line":44,"column":25}},"loc":{"start":{"line":44,"column":94},"end":{"line":50,"column":null}},"line":44}},"branchMap":{"0":{"loc":{"start":{"line":19,"column":20},"end":{"line":19,"column":null}},"type":"cond-expr","locations":[{"start":{"line":19,"column":32},"end":{"line":19,"column":75}},{"start":{"line":19,"column":75},"end":{"line":19,"column":null}}],"line":19}},"s":{"0":6,"1":4,"2":4},"f":{"0":6,"1":4,"2":4},"b":{"0":[1,5]},"meta":{"lastBranch":1,"lastFunction":3,"lastStatement":3,"seen":{"f:10:16:10:21":0,"s:11:2:25:Infinity":0,"b:19:32:19:75:19:75:19:Infinity":0,"f:29:16:29:27":1,"s:30:2:40:Infinity":1,"f:44:16:44:25":2,"s:45:2:48:Infinity":2}}}
,"D:\\stale\\ui\\src\\components\\common\\Table.tsx": {"path":"D:\\stale\\ui\\src\\components\\common\\Table.tsx","statementMap":{"0":{"start":{"line":12,"column":2},"end":{"line":23,"column":null}},"1":{"start":{"line":28,"column":2},"end":{"line":31,"column":null}},"2":{"start":{"line":36,"column":2},"end":{"line":36,"column":null}},"3":{"start":{"line":40,"column":2},"end":{"line":51,"column":null}},"4":{"start":{"line":64,"column":2},"end":{"line":80,"column":null}},"5":{"start":{"line":93,"column":2},"end":{"line":113,"column":null}}},"fnMap":{"0":{"name":"Table","decl":{"start":{"line":11,"column":16},"end":{"line":11,"column":22}},"loc":{"start":{"line":11,"column":73},"end":{"line":25,"column":null}},"line":11},"1":{"name":"TableHead","decl":{"start":{"line":27,"column":16},"end":{"line":27,"column":26}},"loc":{"start":{"line":27,"column":65},"end":{"line":33,"column":null}},"line":27},"2":{"name":"TableBody","decl":{"start":{"line":35,"column":16},"end":{"line":35,"column":26}},"loc":{"start":{"line":35,"column":65},"end":{"line":37,"column":null}},"line":35},"3":{"name":"TableRow","decl":{"start":{"line":39,"column":16},"end":{"line":39,"column":25}},"loc":{"start":{"line":39,"column":125},"end":{"line":53,"column":null}},"line":39},"4":{"name":"Th","decl":{"start":{"line":63,"column":16},"end":{"line":63,"column":19}},"loc":{"start":{"line":63,"column":90},"end":{"line":82,"column":null}},"line":63},"5":{"name":"Td","decl":{"start":{"line":92,"column":16},"end":{"line":92,"column":19}},"loc":{"start":{"line":92,"column":86},"end":{"line":115,"column":null}},"line":92}},"branchMap":{"0":{"loc":{"start":{"line":18,"column":21},"end":{"line":18,"column":null}},"type":"cond-expr","locations":[{"start":{"line":18,"column":29},"end":{"line":18,"column":39}},{"start":{"line":18,"column":39},"end":{"line":18,"column":null}}],"line":18},"1":{"loc":{"start":{"line":44,"column":16},"end":{"line":44,"column":null}},"type":"cond-expr","locations":[{"start":{"line":44,"column":26},"end":{"line":44,"column":38}},{"start":{"line":44,"column":38},"end":{"line":44,"column":null}}],"line":44},"2":{"loc":{"start":{"line":71,"column":12},"end":{"line":75,"column":null}},"type":"cond-expr","locations":[{"start":{"line":71,"column":25},"end":{"line":71,"column":30}},{"start":{"line":71,"column":30},"end":{"line":75,"column":null}}],"line":71},"3":{"loc":{"start":{"line":97,"column":15},"end":{"line":101,"column":null}},"type":"cond-expr","locations":[{"start":{"line":98,"column":12},"end":{"line":98,"column":null}},{"start":{"line":99,"column":12},"end":{"line":101,"column":null}}],"line":97},"4":{"loc":{"start":{"line":99,"column":12},"end":{"line":101,"column":null}},"type":"cond-expr","locations":[{"start":{"line":100,"column":12},"end":{"line":100,"column":null}},{"start":{"line":101,"column":12},"end":{"line":101,"column":null}}],"line":99},"5":{"loc":{"start":{"line":102,"column":12},"end":{"line":107,"column":null}},"type":"cond-expr","locations":[{"start":{"line":102,"column":25},"end":{"line":102,"column":30}},{"start":{"line":102,"column":30},"end":{"line":107,"column":null}}],"line":102},"6":{"loc":{"start":{"line":110,"column":13},"end":{"line":110,"column":null}},"type":"cond-expr","locations":[{"start":{"line":110,"column":44},"end":{"line":110,"column":55}},{"start":{"line":110,"column":55},"end":{"line":110,"column":null}}],"line":110}},"s":{"0":5,"1":2,"2":2,"3":7,"4":8,"5":11},"f":{"0":5,"1":2,"2":2,"3":7,"4":8,"5":11},"b":{"0":[1,4],"1":[2,5],"2":[1,7],"3":[1,10],"4":[1,9],"5":[0,11],"6":[10,1]},"meta":{"lastBranch":7,"lastFunction":6,"lastStatement":6,"seen":{"f:11:16:11:22":0,"s:12:2:23:Infinity":0,"b:18:29:18:39:18:39:18:Infinity":0,"f:27:16:27:26":1,"s:28:2:31:Infinity":1,"f:35:16:35:26":2,"s:36:2:36:Infinity":2,"f:39:16:39:25":3,"s:40:2:51:Infinity":3,"b:44:26:44:38:44:38:44:Infinity":1,"f:63:16:63:19":4,"s:64:2:80:Infinity":4,"b:71:25:71:30:71:30:75:Infinity":2,"f:92:16:92:19":5,"s:93:2:113:Infinity":5,"b:98:12:98:Infinity:99:12:101:Infinity":3,"b:100:12:100:Infinity:101:12:101:Infinity":4,"b:102:25:102:30:102:30:107:Infinity":5,"b:110:44:110:55:110:55:110:Infinity":6}}}
,"D:\\stale\\ui\\src\\constants\\styles.ts": {"path":"D:\\stale\\ui\\src\\constants\\styles.ts","statementMap":{"0":{"start":{"line":6,"column":47},"end":{"line":14,"column":null}},"1":{"start":{"line":19,"column":45},"end":{"line":23,"column":null}},"2":{"start":{"line":28,"column":41},"end":{"line":39,"column":null}},"3":{"start":{"line":44,"column":42},"end":{"line":54,"column":null}},"4":{"start":{"line":59,"column":49},"end":{"line":69,"column":null}},"5":{"start":{"line":74,"column":51},"end":{"line":83,"column":null}},"6":{"start":{"line":88,"column":40},"end":{"line":94,"column":null}},"7":{"start":{"line":99,"column":41},"end":{"line":106,"column":null}},"8":{"start":{"line":111,"column":27},"end":{"line":136,"column":null}},"9":{"start":{"line":141,"column":30},"end":{"line":146,"column":null}}},"fnMap":{},"branchMap":{},"s":{"0":1,"1":1,"2":1,"3":1,"4":1,"5":1,"6":1,"7":1,"8":1,"9":1},"f":{},"b":{},"meta":{"lastBranch":0,"lastFunction":0,"lastStatement":10,"seen":{"s:6:47:14:Infinity":0,"s:19:45:23:Infinity":1,"s:28:41:39:Infinity":2,"s:44:42:54:Infinity":3,"s:59:49:69:Infinity":4,"s:74:51:83:Infinity":5,"s:88:40:94:Infinity":6,"s:99:41:106:Infinity":7,"s:111:27:136:Infinity":8,"s:141:30:146:Infinity":9}}}
}
